#
# A fatal error has been detected by the Java Runtime Environment:
#
#  EXCEPTION_ACCESS_VIOLATION (0xc0000005) at pc=0x00007ffcc482d820, pid=3480, tid=25272
#
# JRE version: OpenJDK Runtime Environment (12.0.2+10) (build 12.0.2+10)
# Java VM: OpenJDK 64-Bit Server VM (12.0.2+10, mixed mode, sharing, tiered, compressed oops, g1 gc, windows-amd64)
# Problematic frame:
# C  [ig9icd64.dll+0x12d820]
#
# No core dump will be written. Minidumps are not enabled by default on client versions of Windows
#
# If you would like to submit a bug report, please visit:
#   http://bugreport.java.com/bugreport/crash.jsp
# The crash happened outside the Java Virtual Machine in native code.
# See problematic frame for where to report the bug.
#

---------------  S U M M A R Y ------------

Command Line: -javaagent:C:\Program Files\JetBrains\IntelliJ IDEA 2019.1.1\lib\idea_rt.jar=59259:C:\Program Files\JetBrains\IntelliJ IDEA 2019.1.1\bin -Dfile.encoding=UTF-8 Launcher

Host: Intel(R) Core(TM) i7-8750H CPU @ 2.20GHz, 12 cores, 15G,  Windows 10 , 64 bit Build 18362 (10.0.18362.329)
Time: Fri Dec 20 15:47:23 2019 W. Europe Standard Time elapsed time: 5 seconds (0d 0h 0m 5s)

---------------  T H R E A D  ---------------

Current thread (0x000002120997a800):  JavaThread "main" [_thread_in_native, id=25272, stack(0x000000676b000000,0x000000676b100000)]

Stack: [0x000000676b000000,0x000000676b100000],  sp=0x000000676b0fe7e8,  free space=1017k
Native frames: (J=compiled Java code, j=interpreted, Vv=VM code, C=native code)
C  [ig9icd64.dll+0x12d820]

Java frames: (J=compiled Java code, j=interpreted, Vv=VM code)
j  org.lwjgl.opengl.GL11C.nglDrawElements(IIIJ)V+0
j  org.lwjgl.opengl.GL11C.glDrawElements(ILjava/nio/ShortBuffer;)V+12
j  org.lwjgl.opengl.GL11.glDrawElements(ILjava/nio/ShortBuffer;)V+2
j  com.badlogic.gdx.backends.lwjgl3.Lwjgl3GL20.glDrawElements(IIILjava/nio/Buffer;)V+21
J 1087 c1 com.badlogic.gdx.graphics.Mesh.render(Lcom/badlogic/gdx/graphics/glutils/ShaderProgram;IIIZ)V (341 bytes) @ 0x000002121251ce5c [0x000002121251c780+0x00000000000006dc]
J 1047 c1 com.badlogic.gdx.graphics.g2d.SpriteBatch.flush()V (193 bytes) @ 0x000002121250b5c4 [0x000002121250a5e0+0x0000000000000fe4]
j  com.badlogic.gdx.graphics.g2d.SpriteBatch.switchTexture(Lcom/badlogic/gdx/graphics/Texture;)V+1
j  com.badlogic.gdx.graphics.g2d.SpriteBatch.draw(Lcom/badlogic/gdx/graphics/Texture;[FII)V+38
j  com.badlogic.gdx.graphics.g2d.BitmapFontCache.draw(Lcom/badlogic/gdx/graphics/g2d/Batch;)V+61
j  com.badlogic.gdx.graphics.g2d.BitmapFont.draw(Lcom/badlogic/gdx/graphics/g2d/Batch;Ljava/lang/CharSequence;FF)Lcom/badlogic/gdx/graphics/g2d/GlyphLayout;+25
j  game.ui.SplashScreen.render(F)V+161
j  com.badlogic.gdx.Game.render()V+19
j  game.BubbleSpinner.render()V+1
j  com.badlogic.gdx.backends.lwjgl3.Lwjgl3Window.update()Z+185
j  com.badlogic.gdx.backends.lwjgl3.Lwjgl3Application.loop()V+101
j  com.badlogic.gdx.backends.lwjgl3.Lwjgl3Application.<init>(Lcom/badlogic/gdx/ApplicationListener;Lcom/badlogic/gdx/backends/lwjgl3/Lwjgl3ApplicationConfiguration;)V+258
j  Launcher.main([Ljava/lang/String;)V+54
v  ~StubRoutines::call_stub

siginfo: EXCEPTION_ACCESS_VIOLATION (0xc0000005), reading address 0x000002122ec089c0


Register to memory mapping:

RIP=0x00007ffcc482d820 ig9icd64.dll
RAX=0x000000000000003f is an unknown value
RBX=0x000000000000ffff is an unknown value
RCX=0x0000021237c7e3f0 points into unknown readable memory: 00 00 00 00 00 00 00 00
RDX=0x000002122ec089c0 is an unknown value
RSP=0x000000676b0fe7e8 is pointing into the stack for thread: 0x000002120997a800
RBP=0x0000000000060000 points into unknown readable memory: 00 00 00 00 00 00 00 00
RSI=0x000000676b0fe870 is pointing into the stack for thread: 0x000002120997a800
RDI=0x0 is NULL
R8 =0x000000000000000c is an unknown value
R9 =0x000000676b0fe870 is pointing into the stack for thread: 0x000002120997a800
R10=0x0000000009075a30 is an unknown value
R11=0x0000000000000006 is an unknown value
R12=0x000000000000000c is an unknown value
R13=0x0000000000000006 is an unknown value
R14=0x000002122f4ff3f0 points into unknown readable memory: f0 e3 c7 37 12 02 00 00
R15=0x000002122ef80030 points into unknown readable memory: c0 89 c0 2e 12 02 00 00


Registers:
RAX=0x000000000000003f, RBX=0x000000000000ffff, RCX=0x0000021237c7e3f0, RDX=0x000002122ec089c0
RSP=0x000000676b0fe7e8, RBP=0x0000000000060000, RSI=0x000000676b0fe870, RDI=0x0000000000000000
R8 =0x000000000000000c, R9 =0x000000676b0fe870, R10=0x0000000009075a30, R11=0x0000000000000006
R12=0x000000000000000c, R13=0x0000000000000006, R14=0x000002122f4ff3f0, R15=0x000002122ef80030
RIP=0x00007ffcc482d820, EFLAGS=0x0000000000010206

Top of Stack: (sp=0x000000676b0fe7e8)
0x000000676b0fe7e8:   00007ffcc47d6e22 0000021237c7e3f0
0x000000676b0fe7f8:   000002122ef55740 0000000400000000
0x000000676b0fe808:   00004d20f9b6a6dd 000000676b0fe880
0x000000676b0fe818:   001605c25bfd0004 0000000000000001
0x000000676b0fe828:   00007ffcc4a9cee9 0000000000000004
0x000000676b0fe838:   0000000000000006 000002122ef55740
0x000000676b0fe848:   000002123b873040 0000000000000001
0x000000676b0fe858:   0000000000000006 000002122ef55740
0x000000676b0fe868:   00007ffcc4a98518 0000000000000000
0x000000676b0fe878:   0000000000000000 0000000000000030
0x000000676b0fe888:   0000000000000000 0000000000000000
0x000000676b0fe898:   0000000000000000 0000000000000004
0x000000676b0fe8a8:   000002123b873040 0000000000001403
0x000000676b0fe8b8:   00007ffcc49018f7 0000021207780000
0x000000676b0fe8c8:   0000000000000000 0000000000000030
0x000000676b0fe8d8:   0000000000000001 0000000000000002 

Instructions: (pc=0x00007ffcc482d820)
0x00007ffcc482d720:   83 c2 10 66 0f f9 c3 66 0f ea c8 66 0f ee d0 48
0x00007ffcc482d730:   83 e9 01 75 dd 66 0f fd cb 66 0f fd d3 66 0f c5
0x00007ffcc482d740:   c1 00 66 0f c5 c9 01 66 44 0f c5 c1 06 66 3b d8
0x00007ffcc482d750:   66 0f 46 c3 66 3b c1 66 0f 46 c8 66 0f c5 c1 02
0x00007ffcc482d760:   66 3b c8 66 0f 46 c1 66 0f c5 c9 03 66 3b c1 66
0x00007ffcc482d770:   0f 46 c8 66 0f c5 c1 04 66 3b c8 66 0f 46 c1 66
0x00007ffcc482d780:   0f c5 c9 05 66 3b c1 66 0f 46 c8 66 41 3b c8 66
0x00007ffcc482d790:   0f c5 c1 07 66 44 0f 46 c1 66 0f c5 ca 01 66 44
0x00007ffcc482d7a0:   3b c0 66 41 0f 46 c0 0f b7 d8 66 0f c5 c2 00 66
0x00007ffcc482d7b0:   44 0f c5 c2 06 66 3b f8 66 0f 43 c7 66 3b c1 66
0x00007ffcc482d7c0:   0f 43 c8 66 0f c5 c2 02 66 3b c8 66 0f 43 c1 66
0x00007ffcc482d7d0:   0f c5 ca 03 66 3b c1 66 0f 43 c8 66 0f c5 c2 04
0x00007ffcc482d7e0:   66 3b c8 66 0f 43 c1 66 0f c5 ca 05 66 3b c1 66
0x00007ffcc482d7f0:   0f 43 c8 66 41 3b c8 66 0f c5 c2 07 66 44 0f 43
0x00007ffcc482d800:   c1 66 44 3b c0 66 41 0f 43 c0 0f b7 f8 4d 85 db
0x00007ffcc482d810:   74 37 4c 2b d2 66 66 66 0f 1f 84 00 00 00 00 00
0x00007ffcc482d820:   0f b7 0a 66 41 89 0c 12 48 8d 52 02 66 3b d9 0f
0x00007ffcc482d830:   b7 c1 66 0f 46 c3 66 3b f9 0f b7 d8 66 0f 43 cf
0x00007ffcc482d840:   0f b7 f9 49 83 eb 01 75 d7 48 8b 44 24 28 66 89
0x00007ffcc482d850:   1e 48 8b 5c 24 08 48 8b 74 24 10 66 89 38 48 8b
0x00007ffcc482d860:   7c 24 18 c3 cc cc cc cc cc cc cc cc cc cc cc cc
0x00007ffcc482d870:   48 89 5c 24 18 57 48 83 ec 50 45 8b d8 0f b6 c2
0x00007ffcc482d880:   48 89 6c 24 60 f6 d0 33 ed 49 d1 eb 4c 8b d1 bf
0x00007ffcc482d890:   ff ff 00 00 0f b7 dd a8 01 0f 84 ad 02 00 00 83
0x00007ffcc482d8a0:   bc 24 90 00 00 00 06 0f 8c 9f 02 00 00 0f 18 42
0x00007ffcc482d8b0:   20 0f 18 42 40 49 83 fb 08 0f 82 8d 02 00 00 48
0x00007ffcc482d8c0:   89 74 24 68 8d 72 0f 83 e6 f0 2b f2 48 d1 ee 74
0x00007ffcc482d8d0:   44 48 85 f6 74 3c 4c 8b c6 0f 1f 80 00 00 00 00
0x00007ffcc482d8e0:   0f b7 0a 48 83 c2 02 66 41 89 0a 49 83 c2 02 66
0x00007ffcc482d8f0:   41 3b c9 74 17 66 3b f9 0f b7 c1 66 0f 46 c7 66
0x00007ffcc482d900:   3b d9 0f b7 f8 66 0f 43 cb 0f b7 d9 49 83 e8 01
0x00007ffcc482d910:   75 ce 4c 2b de 48 8b 74 24 68 49 83 fb 08 0f 82 


Stack slot to memory mapping:
stack at sp + 0 slots: 0x00007ffcc47d6e22 ig9icd64.dll
stack at sp + 1 slots: 0x0000021237c7e3f0 points into unknown readable memory: 00 00 00 00 00 00 00 00
stack at sp + 2 slots: 0x000002122ef55740 points into unknown readable memory: 80 59 f0 2e 12 02 00 00
stack at sp + 3 slots: 0x0000000400000000 is an unknown value
stack at sp + 4 slots: 0x00004d20f9b6a6dd is an unknown value
stack at sp + 5 slots: 0x000000676b0fe880 is pointing into the stack for thread: 0x000002120997a800
stack at sp + 6 slots: 0x001605c25bfd0004 is an unknown value
stack at sp + 7 slots: 0x0000000000000001 is an unknown value


---------------  P R O C E S S  ---------------

Threads class SMR info:
_java_thread_list=0x000002122f40b350, length=11, elements={
0x000002120997a800, 0x000002122d6c4800, 0x000002122d6c6000, 0x000002122d6ce000,
0x000002122df61800, 0x000002122df64000, 0x000002122df70000, 0x000002122df71800,
0x000002122df50800, 0x000002122e230800, 0x000002122e2c2800
}

Java Threads: ( => current thread )
=>0x000002120997a800 JavaThread "main" [_thread_in_native, id=25272, stack(0x000000676b000000,0x000000676b100000)]
  0x000002122d6c4800 JavaThread "Reference Handler" daemon [_thread_blocked, id=27636, stack(0x000000676b700000,0x000000676b800000)]
  0x000002122d6c6000 JavaThread "Finalizer" daemon [_thread_blocked, id=24692, stack(0x000000676b800000,0x000000676b900000)]
  0x000002122d6ce000 JavaThread "Signal Dispatcher" daemon [_thread_blocked, id=1536, stack(0x000000676b900000,0x000000676ba00000)]
  0x000002122df61800 JavaThread "Attach Listener" daemon [_thread_blocked, id=20432, stack(0x000000676ba00000,0x000000676bb00000)]
  0x000002122df64000 JavaThread "C2 CompilerThread0" daemon [_thread_blocked, id=22416, stack(0x000000676bb00000,0x000000676bc00000)]
  0x000002122df70000 JavaThread "C1 CompilerThread0" daemon [_thread_blocked, id=9128, stack(0x000000676bc00000,0x000000676bd00000)]
  0x000002122df71800 JavaThread "Sweeper thread" daemon [_thread_blocked, id=4432, stack(0x000000676bd00000,0x000000676be00000)]
  0x000002122df50800 JavaThread "Common-Cleaner" daemon [_thread_blocked, id=14604, stack(0x000000676be00000,0x000000676bf00000)]
  0x000002122e230800 JavaThread "Monitor Ctrl-Break" daemon [_thread_in_native, id=3916, stack(0x000000676c000000,0x000000676c100000)]
  0x000002122e2c2800 JavaThread "Service Thread" daemon [_thread_blocked, id=24652, stack(0x000000676c100000,0x000000676c200000)]

Other Threads:
  0x000002122d6c0800 VMThread "VM Thread" [stack: 0x000000676b600000,0x000000676b700000] [id=17324]
  0x000002122e263800 WatcherThread [stack: 0x000000676c200000,0x000000676c300000] [id=13984]
  0x00000212099e1800 GCTaskThread "GC Thread#0" [stack: 0x000000676b100000,0x000000676b200000] [id=27832]
  0x000002122f2d3800 GCTaskThread "GC Thread#1" [stack: 0x000000676bf00000,0x000000676c000000] [id=27556]
  0x000002122f2d4000 GCTaskThread "GC Thread#2" [stack: 0x000000676cd00000,0x000000676ce00000] [id=28360]
  0x000002122f2d4800 GCTaskThread "GC Thread#3" [stack: 0x000000676ce00000,0x000000676cf00000] [id=24580]
  0x000002122f3fd800 GCTaskThread "GC Thread#4" [stack: 0x000000676cf00000,0x000000676d000000] [id=13292]
  0x000002122f4a1800 GCTaskThread "GC Thread#5" [stack: 0x000000676d000000,0x000000676d100000] [id=9680]
  0x00000212099fa800 ConcurrentGCThread "G1 Main Marker" [stack: 0x000000676b200000,0x000000676b300000] [id=13556]
  0x00000212099fd800 ConcurrentGCThread "G1 Conc#0" [stack: 0x000000676b300000,0x000000676b400000] [id=14992]
  0x000002122d5ba800 ConcurrentGCThread "G1 Refine#0" [stack: 0x000000676b400000,0x000000676b500000] [id=23228]
  0x000002122d5bb800 ConcurrentGCThread "G1 Young RemSet Sampling" [stack: 0x000000676b500000,0x000000676b600000] [id=21624]

Threads with active compile tasks:

VM state:not at safepoint (normal execution)

VM Mutex/Monitor currently owned by a thread: None

Heap address: 0x0000000703000000, size: 4048 MB, Compressed Oops mode: Zero based, Oop shift amount: 3
Narrow klass base: 0x0000000800000000, Narrow klass shift: 3
Compressed class space size: 1073741824 Address: 0x0000000801180000

Heap:
 garbage-first heap   total 260096K, used 9213K [0x0000000703000000, 0x0000000800000000)
  region size 1024K, 8 young (8192K), 3 survivors (3072K)
 Metaspace       used 7885K, capacity 10080K, committed 10240K, reserved 1058816K
  class space    used 494K, capacity 746K, committed 768K, reserved 1048576K
Heap Regions: E=young(eden), S=young(survivor), O=old, HS=humongous(starts), HC=humongous(continues), CS=collection set, F=free, A=archive, TAMS=top-at-mark-start (previous, next)
|   0|0x0000000703000000, 0x0000000703100000, 0x0000000703100000|100%| O|  |TAMS 0x0000000703000000, 0x0000000703000000| Untracked 
|   1|0x0000000703100000, 0x00000007031ff600, 0x0000000703200000| 99%| O|  |TAMS 0x0000000703100000, 0x0000000703100000| Untracked 
|   2|0x0000000703200000, 0x0000000703200000, 0x0000000703300000|  0%| F|  |TAMS 0x0000000703200000, 0x0000000703200000| Untracked 
|   3|0x0000000703300000, 0x0000000703300000, 0x0000000703400000|  0%| F|  |TAMS 0x0000000703300000, 0x0000000703300000| Untracked 
|   4|0x0000000703400000, 0x0000000703400000, 0x0000000703500000|  0%| F|  |TAMS 0x0000000703400000, 0x0000000703400000| Untracked 
|   5|0x0000000703500000, 0x0000000703500000, 0x0000000703600000|  0%| F|  |TAMS 0x0000000703500000, 0x0000000703500000| Untracked 
|   6|0x0000000703600000, 0x0000000703600000, 0x0000000703700000|  0%| F|  |TAMS 0x0000000703600000, 0x0000000703600000| Untracked 
|   7|0x0000000703700000, 0x0000000703700000, 0x0000000703800000|  0%| F|  |TAMS 0x0000000703700000, 0x0000000703700000| Untracked 
|   8|0x0000000703800000, 0x0000000703800000, 0x0000000703900000|  0%| F|  |TAMS 0x0000000703800000, 0x0000000703800000| Untracked 
|   9|0x0000000703900000, 0x0000000703900000, 0x0000000703a00000|  0%| F|  |TAMS 0x0000000703900000, 0x0000000703900000| Untracked 
|  10|0x0000000703a00000, 0x0000000703a00000, 0x0000000703b00000|  0%| F|  |TAMS 0x0000000703a00000, 0x0000000703a00000| Untracked 
|  11|0x0000000703b00000, 0x0000000703b00000, 0x0000000703c00000|  0%| F|  |TAMS 0x0000000703b00000, 0x0000000703b00000| Untracked 
|  12|0x0000000703c00000, 0x0000000703c00000, 0x0000000703d00000|  0%| F|  |TAMS 0x0000000703c00000, 0x0000000703c00000| Untracked 
|  13|0x0000000703d00000, 0x0000000703d00000, 0x0000000703e00000|  0%| F|  |TAMS 0x0000000703d00000, 0x0000000703d00000| Untracked 
|  14|0x0000000703e00000, 0x0000000703e00000, 0x0000000703f00000|  0%| F|  |TAMS 0x0000000703e00000, 0x0000000703e00000| Untracked 
|  15|0x0000000703f00000, 0x0000000703f00000, 0x0000000704000000|  0%| F|  |TAMS 0x0000000703f00000, 0x0000000703f00000| Untracked 
|  16|0x0000000704000000, 0x0000000704000000, 0x0000000704100000|  0%| F|  |TAMS 0x0000000704000000, 0x0000000704000000| Untracked 
|  17|0x0000000704100000, 0x0000000704100000, 0x0000000704200000|  0%| F|  |TAMS 0x0000000704100000, 0x0000000704100000| Untracked 
|  18|0x0000000704200000, 0x0000000704200000, 0x0000000704300000|  0%| F|  |TAMS 0x0000000704200000, 0x0000000704200000| Untracked 
|  19|0x0000000704300000, 0x0000000704300000, 0x0000000704400000|  0%| F|  |TAMS 0x0000000704300000, 0x0000000704300000| Untracked 
|  20|0x0000000704400000, 0x0000000704400000, 0x0000000704500000|  0%| F|  |TAMS 0x0000000704400000, 0x0000000704400000| Untracked 
|  21|0x0000000704500000, 0x0000000704500000, 0x0000000704600000|  0%| F|  |TAMS 0x0000000704500000, 0x0000000704500000| Untracked 
|  22|0x0000000704600000, 0x0000000704600000, 0x0000000704700000|  0%| F|  |TAMS 0x0000000704600000, 0x0000000704600000| Untracked 
|  23|0x0000000704700000, 0x0000000704700000, 0x0000000704800000|  0%| F|  |TAMS 0x0000000704700000, 0x0000000704700000| Untracked 
|  24|0x0000000704800000, 0x0000000704800000, 0x0000000704900000|  0%| F|  |TAMS 0x0000000704800000, 0x0000000704800000| Untracked 
|  25|0x0000000704900000, 0x0000000704900000, 0x0000000704a00000|  0%| F|  |TAMS 0x0000000704900000, 0x0000000704900000| Untracked 
|  26|0x0000000704a00000, 0x0000000704a00000, 0x0000000704b00000|  0%| F|  |TAMS 0x0000000704a00000, 0x0000000704a00000| Untracked 
|  27|0x0000000704b00000, 0x0000000704b00000, 0x0000000704c00000|  0%| F|  |TAMS 0x0000000704b00000, 0x0000000704b00000| Untracked 
|  28|0x0000000704c00000, 0x0000000704c00000, 0x0000000704d00000|  0%| F|  |TAMS 0x0000000704c00000, 0x0000000704c00000| Untracked 
|  29|0x0000000704d00000, 0x0000000704d00000, 0x0000000704e00000|  0%| F|  |TAMS 0x0000000704d00000, 0x0000000704d00000| Untracked 
|  30|0x0000000704e00000, 0x0000000704e00000, 0x0000000704f00000|  0%| F|  |TAMS 0x0000000704e00000, 0x0000000704e00000| Untracked 
|  31|0x0000000704f00000, 0x0000000704f00000, 0x0000000705000000|  0%| F|  |TAMS 0x0000000704f00000, 0x0000000704f00000| Untracked 
|  32|0x0000000705000000, 0x0000000705000000, 0x0000000705100000|  0%| F|  |TAMS 0x0000000705000000, 0x0000000705000000| Untracked 
|  33|0x0000000705100000, 0x0000000705100000, 0x0000000705200000|  0%| F|  |TAMS 0x0000000705100000, 0x0000000705100000| Untracked 
|  34|0x0000000705200000, 0x0000000705200000, 0x0000000705300000|  0%| F|  |TAMS 0x0000000705200000, 0x0000000705200000| Untracked 
|  35|0x0000000705300000, 0x0000000705300000, 0x0000000705400000|  0%| F|  |TAMS 0x0000000705300000, 0x0000000705300000| Untracked 
|  36|0x0000000705400000, 0x0000000705400000, 0x0000000705500000|  0%| F|  |TAMS 0x0000000705400000, 0x0000000705400000| Untracked 
|  37|0x0000000705500000, 0x0000000705500000, 0x0000000705600000|  0%| F|  |TAMS 0x0000000705500000, 0x0000000705500000| Untracked 
|  38|0x0000000705600000, 0x0000000705600000, 0x0000000705700000|  0%| F|  |TAMS 0x0000000705600000, 0x0000000705600000| Untracked 
|  39|0x0000000705700000, 0x0000000705700000, 0x0000000705800000|  0%| F|  |TAMS 0x0000000705700000, 0x0000000705700000| Untracked 
|  40|0x0000000705800000, 0x0000000705800000, 0x0000000705900000|  0%| F|  |TAMS 0x0000000705800000, 0x0000000705800000| Untracked 
|  41|0x0000000705900000, 0x0000000705900000, 0x0000000705a00000|  0%| F|  |TAMS 0x0000000705900000, 0x0000000705900000| Untracked 
|  42|0x0000000705a00000, 0x0000000705a00000, 0x0000000705b00000|  0%| F|  |TAMS 0x0000000705a00000, 0x0000000705a00000| Untracked 
|  43|0x0000000705b00000, 0x0000000705b00000, 0x0000000705c00000|  0%| F|  |TAMS 0x0000000705b00000, 0x0000000705b00000| Untracked 
|  44|0x0000000705c00000, 0x0000000705c00000, 0x0000000705d00000|  0%| F|  |TAMS 0x0000000705c00000, 0x0000000705c00000| Untracked 
|  45|0x0000000705d00000, 0x0000000705d00000, 0x0000000705e00000|  0%| F|  |TAMS 0x0000000705d00000, 0x0000000705d00000| Untracked 
|  46|0x0000000705e00000, 0x0000000705e00000, 0x0000000705f00000|  0%| F|  |TAMS 0x0000000705e00000, 0x0000000705e00000| Untracked 
|  47|0x0000000705f00000, 0x0000000705f00000, 0x0000000706000000|  0%| F|  |TAMS 0x0000000705f00000, 0x0000000705f00000| Untracked 
|  48|0x0000000706000000, 0x0000000706000000, 0x0000000706100000|  0%| F|  |TAMS 0x0000000706000000, 0x0000000706000000| Untracked 
|  49|0x0000000706100000, 0x0000000706100000, 0x0000000706200000|  0%| F|  |TAMS 0x0000000706100000, 0x0000000706100000| Untracked 
|  50|0x0000000706200000, 0x0000000706200000, 0x0000000706300000|  0%| F|  |TAMS 0x0000000706200000, 0x0000000706200000| Untracked 
|  51|0x0000000706300000, 0x0000000706300000, 0x0000000706400000|  0%| F|  |TAMS 0x0000000706300000, 0x0000000706300000| Untracked 
|  52|0x0000000706400000, 0x0000000706400000, 0x0000000706500000|  0%| F|  |TAMS 0x0000000706400000, 0x0000000706400000| Untracked 
|  53|0x0000000706500000, 0x0000000706500000, 0x0000000706600000|  0%| F|  |TAMS 0x0000000706500000, 0x0000000706500000| Untracked 
|  54|0x0000000706600000, 0x0000000706600000, 0x0000000706700000|  0%| F|  |TAMS 0x0000000706600000, 0x0000000706600000| Untracked 
|  55|0x0000000706700000, 0x0000000706700000, 0x0000000706800000|  0%| F|  |TAMS 0x0000000706700000, 0x0000000706700000| Untracked 
|  56|0x0000000706800000, 0x0000000706800000, 0x0000000706900000|  0%| F|  |TAMS 0x0000000706800000, 0x0000000706800000| Untracked 
|  57|0x0000000706900000, 0x0000000706900000, 0x0000000706a00000|  0%| F|  |TAMS 0x0000000706900000, 0x0000000706900000| Untracked 
|  58|0x0000000706a00000, 0x0000000706a00000, 0x0000000706b00000|  0%| F|  |TAMS 0x0000000706a00000, 0x0000000706a00000| Untracked 
|  59|0x0000000706b00000, 0x0000000706b00000, 0x0000000706c00000|  0%| F|  |TAMS 0x0000000706b00000, 0x0000000706b00000| Untracked 
|  60|0x0000000706c00000, 0x0000000706c00000, 0x0000000706d00000|  0%| F|  |TAMS 0x0000000706c00000, 0x0000000706c00000| Untracked 
|  61|0x0000000706d00000, 0x0000000706d00000, 0x0000000706e00000|  0%| F|  |TAMS 0x0000000706d00000, 0x0000000706d00000| Untracked 
|  62|0x0000000706e00000, 0x0000000706e00000, 0x0000000706f00000|  0%| F|  |TAMS 0x0000000706e00000, 0x0000000706e00000| Untracked 
|  63|0x0000000706f00000, 0x0000000706f00000, 0x0000000707000000|  0%| F|  |TAMS 0x0000000706f00000, 0x0000000706f00000| Untracked 
|  64|0x0000000707000000, 0x0000000707000000, 0x0000000707100000|  0%| F|  |TAMS 0x0000000707000000, 0x0000000707000000| Untracked 
|  65|0x0000000707100000, 0x0000000707100000, 0x0000000707200000|  0%| F|  |TAMS 0x0000000707100000, 0x0000000707100000| Untracked 
|  66|0x0000000707200000, 0x0000000707200000, 0x0000000707300000|  0%| F|  |TAMS 0x0000000707200000, 0x0000000707200000| Untracked 
|  67|0x0000000707300000, 0x0000000707300000, 0x0000000707400000|  0%| F|  |TAMS 0x0000000707300000, 0x0000000707300000| Untracked 
|  68|0x0000000707400000, 0x0000000707400000, 0x0000000707500000|  0%| F|  |TAMS 0x0000000707400000, 0x0000000707400000| Untracked 
|  69|0x0000000707500000, 0x0000000707500000, 0x0000000707600000|  0%| F|  |TAMS 0x0000000707500000, 0x0000000707500000| Untracked 
|  70|0x0000000707600000, 0x0000000707600000, 0x0000000707700000|  0%| F|  |TAMS 0x0000000707600000, 0x0000000707600000| Untracked 
|  71|0x0000000707700000, 0x0000000707700000, 0x0000000707800000|  0%| F|  |TAMS 0x0000000707700000, 0x0000000707700000| Untracked 
|  72|0x0000000707800000, 0x0000000707800000, 0x0000000707900000|  0%| F|  |TAMS 0x0000000707800000, 0x0000000707800000| Untracked 
|  73|0x0000000707900000, 0x0000000707900000, 0x0000000707a00000|  0%| F|  |TAMS 0x0000000707900000, 0x0000000707900000| Untracked 
|  74|0x0000000707a00000, 0x0000000707a00000, 0x0000000707b00000|  0%| F|  |TAMS 0x0000000707a00000, 0x0000000707a00000| Untracked 
|  75|0x0000000707b00000, 0x0000000707b00000, 0x0000000707c00000|  0%| F|  |TAMS 0x0000000707b00000, 0x0000000707b00000| Untracked 
|  76|0x0000000707c00000, 0x0000000707c00000, 0x0000000707d00000|  0%| F|  |TAMS 0x0000000707c00000, 0x0000000707c00000| Untracked 
|  77|0x0000000707d00000, 0x0000000707d00000, 0x0000000707e00000|  0%| F|  |TAMS 0x0000000707d00000, 0x0000000707d00000| Untracked 
|  78|0x0000000707e00000, 0x0000000707e00000, 0x0000000707f00000|  0%| F|  |TAMS 0x0000000707e00000, 0x0000000707e00000| Untracked 
|  79|0x0000000707f00000, 0x0000000707f00000, 0x0000000708000000|  0%| F|  |TAMS 0x0000000707f00000, 0x0000000707f00000| Untracked 
|  80|0x0000000708000000, 0x0000000708000000, 0x0000000708100000|  0%| F|  |TAMS 0x0000000708000000, 0x0000000708000000| Untracked 
|  81|0x0000000708100000, 0x0000000708100000, 0x0000000708200000|  0%| F|  |TAMS 0x0000000708100000, 0x0000000708100000| Untracked 
|  82|0x0000000708200000, 0x0000000708200000, 0x0000000708300000|  0%| F|  |TAMS 0x0000000708200000, 0x0000000708200000| Untracked 
|  83|0x0000000708300000, 0x0000000708300000, 0x0000000708400000|  0%| F|  |TAMS 0x0000000708300000, 0x0000000708300000| Untracked 
|  84|0x0000000708400000, 0x0000000708400000, 0x0000000708500000|  0%| F|  |TAMS 0x0000000708400000, 0x0000000708400000| Untracked 
|  85|0x0000000708500000, 0x0000000708500000, 0x0000000708600000|  0%| F|  |TAMS 0x0000000708500000, 0x0000000708500000| Untracked 
|  86|0x0000000708600000, 0x0000000708600000, 0x0000000708700000|  0%| F|  |TAMS 0x0000000708600000, 0x0000000708600000| Untracked 
|  87|0x0000000708700000, 0x0000000708700000, 0x0000000708800000|  0%| F|  |TAMS 0x0000000708700000, 0x0000000708700000| Untracked 
|  88|0x0000000708800000, 0x0000000708800000, 0x0000000708900000|  0%| F|  |TAMS 0x0000000708800000, 0x0000000708800000| Untracked 
|  89|0x0000000708900000, 0x0000000708900000, 0x0000000708a00000|  0%| F|  |TAMS 0x0000000708900000, 0x0000000708900000| Untracked 
|  90|0x0000000708a00000, 0x0000000708a00000, 0x0000000708b00000|  0%| F|  |TAMS 0x0000000708a00000, 0x0000000708a00000| Untracked 
|  91|0x0000000708b00000, 0x0000000708b00000, 0x0000000708c00000|  0%| F|  |TAMS 0x0000000708b00000, 0x0000000708b00000| Untracked 
|  92|0x0000000708c00000, 0x0000000708c00000, 0x0000000708d00000|  0%| F|  |TAMS 0x0000000708c00000, 0x0000000708c00000| Untracked 
|  93|0x0000000708d00000, 0x0000000708d00000, 0x0000000708e00000|  0%| F|  |TAMS 0x0000000708d00000, 0x0000000708d00000| Untracked 
|  94|0x0000000708e00000, 0x0000000708e00000, 0x0000000708f00000|  0%| F|  |TAMS 0x0000000708e00000, 0x0000000708e00000| Untracked 
|  95|0x0000000708f00000, 0x0000000708f00000, 0x0000000709000000|  0%| F|  |TAMS 0x0000000708f00000, 0x0000000708f00000| Untracked 
|  96|0x0000000709000000, 0x0000000709000000, 0x0000000709100000|  0%| F|  |TAMS 0x0000000709000000, 0x0000000709000000| Untracked 
|  97|0x0000000709100000, 0x0000000709100000, 0x0000000709200000|  0%| F|  |TAMS 0x0000000709100000, 0x0000000709100000| Untracked 
|  98|0x0000000709200000, 0x0000000709200000, 0x0000000709300000|  0%| F|  |TAMS 0x0000000709200000, 0x0000000709200000| Untracked 
|  99|0x0000000709300000, 0x0000000709300000, 0x0000000709400000|  0%| F|  |TAMS 0x0000000709300000, 0x0000000709300000| Untracked 
| 100|0x0000000709400000, 0x0000000709400000, 0x0000000709500000|  0%| F|  |TAMS 0x0000000709400000, 0x0000000709400000| Untracked 
| 101|0x0000000709500000, 0x0000000709500000, 0x0000000709600000|  0%| F|  |TAMS 0x0000000709500000, 0x0000000709500000| Untracked 
| 102|0x0000000709600000, 0x0000000709600000, 0x0000000709700000|  0%| F|  |TAMS 0x0000000709600000, 0x0000000709600000| Untracked 
| 103|0x0000000709700000, 0x0000000709700000, 0x0000000709800000|  0%| F|  |TAMS 0x0000000709700000, 0x0000000709700000| Untracked 
| 104|0x0000000709800000, 0x0000000709800000, 0x0000000709900000|  0%| F|  |TAMS 0x0000000709800000, 0x0000000709800000| Untracked 
| 105|0x0000000709900000, 0x0000000709900000, 0x0000000709a00000|  0%| F|  |TAMS 0x0000000709900000, 0x0000000709900000| Untracked 
| 106|0x0000000709a00000, 0x0000000709a00000, 0x0000000709b00000|  0%| F|  |TAMS 0x0000000709a00000, 0x0000000709a00000| Untracked 
| 107|0x0000000709b00000, 0x0000000709b00000, 0x0000000709c00000|  0%| F|  |TAMS 0x0000000709b00000, 0x0000000709b00000| Untracked 
| 108|0x0000000709c00000, 0x0000000709c00000, 0x0000000709d00000|  0%| F|  |TAMS 0x0000000709c00000, 0x0000000709c00000| Untracked 
| 109|0x0000000709d00000, 0x0000000709d00000, 0x0000000709e00000|  0%| F|  |TAMS 0x0000000709d00000, 0x0000000709d00000| Untracked 
| 110|0x0000000709e00000, 0x0000000709e00000, 0x0000000709f00000|  0%| F|  |TAMS 0x0000000709e00000, 0x0000000709e00000| Untracked 
| 111|0x0000000709f00000, 0x0000000709f00000, 0x000000070a000000|  0%| F|  |TAMS 0x0000000709f00000, 0x0000000709f00000| Untracked 
| 112|0x000000070a000000, 0x000000070a000000, 0x000000070a100000|  0%| F|  |TAMS 0x000000070a000000, 0x000000070a000000| Untracked 
| 113|0x000000070a100000, 0x000000070a100000, 0x000000070a200000|  0%| F|  |TAMS 0x000000070a100000, 0x000000070a100000| Untracked 
| 114|0x000000070a200000, 0x000000070a200000, 0x000000070a300000|  0%| F|  |TAMS 0x000000070a200000, 0x000000070a200000| Untracked 
| 115|0x000000070a300000, 0x000000070a300000, 0x000000070a400000|  0%| F|  |TAMS 0x000000070a300000, 0x000000070a300000| Untracked 
| 116|0x000000070a400000, 0x000000070a400000, 0x000000070a500000|  0%| F|  |TAMS 0x000000070a400000, 0x000000070a400000| Untracked 
| 117|0x000000070a500000, 0x000000070a500000, 0x000000070a600000|  0%| F|  |TAMS 0x000000070a500000, 0x000000070a500000| Untracked 
| 118|0x000000070a600000, 0x000000070a600000, 0x000000070a700000|  0%| F|  |TAMS 0x000000070a600000, 0x000000070a600000| Untracked 
| 119|0x000000070a700000, 0x000000070a700000, 0x000000070a800000|  0%| F|  |TAMS 0x000000070a700000, 0x000000070a700000| Untracked 
| 120|0x000000070a800000, 0x000000070a800000, 0x000000070a900000|  0%| F|  |TAMS 0x000000070a800000, 0x000000070a800000| Untracked 
| 121|0x000000070a900000, 0x000000070a900000, 0x000000070aa00000|  0%| F|  |TAMS 0x000000070a900000, 0x000000070a900000| Untracked 
| 122|0x000000070aa00000, 0x000000070aa00000, 0x000000070ab00000|  0%| F|  |TAMS 0x000000070aa00000, 0x000000070aa00000| Untracked 
| 123|0x000000070ab00000, 0x000000070ab00000, 0x000000070ac00000|  0%| F|  |TAMS 0x000000070ab00000, 0x000000070ab00000| Untracked 
| 124|0x000000070ac00000, 0x000000070ac00000, 0x000000070ad00000|  0%| F|  |TAMS 0x000000070ac00000, 0x000000070ac00000| Untracked 
| 125|0x000000070ad00000, 0x000000070ad00000, 0x000000070ae00000|  0%| F|  |TAMS 0x000000070ad00000, 0x000000070ad00000| Untracked 
| 126|0x000000070ae00000, 0x000000070ae00000, 0x000000070af00000|  0%| F|  |TAMS 0x000000070ae00000, 0x000000070ae00000| Untracked 
| 127|0x000000070af00000, 0x000000070af00000, 0x000000070b000000|  0%| F|  |TAMS 0x000000070af00000, 0x000000070af00000| Untracked 
| 128|0x000000070b000000, 0x000000070b000000, 0x000000070b100000|  0%| F|  |TAMS 0x000000070b000000, 0x000000070b000000| Untracked 
| 129|0x000000070b100000, 0x000000070b100000, 0x000000070b200000|  0%| F|  |TAMS 0x000000070b100000, 0x000000070b100000| Untracked 
| 130|0x000000070b200000, 0x000000070b200000, 0x000000070b300000|  0%| F|  |TAMS 0x000000070b200000, 0x000000070b200000| Untracked 
| 131|0x000000070b300000, 0x000000070b300000, 0x000000070b400000|  0%| F|  |TAMS 0x000000070b300000, 0x000000070b300000| Untracked 
| 132|0x000000070b400000, 0x000000070b400000, 0x000000070b500000|  0%| F|  |TAMS 0x000000070b400000, 0x000000070b400000| Untracked 
| 133|0x000000070b500000, 0x000000070b500000, 0x000000070b600000|  0%| F|  |TAMS 0x000000070b500000, 0x000000070b500000| Untracked 
| 134|0x000000070b600000, 0x000000070b600000, 0x000000070b700000|  0%| F|  |TAMS 0x000000070b600000, 0x000000070b600000| Untracked 
| 135|0x000000070b700000, 0x000000070b700000, 0x000000070b800000|  0%| F|  |TAMS 0x000000070b700000, 0x000000070b700000| Untracked 
| 136|0x000000070b800000, 0x000000070b800000, 0x000000070b900000|  0%| F|  |TAMS 0x000000070b800000, 0x000000070b800000| Untracked 
| 137|0x000000070b900000, 0x000000070b900000, 0x000000070ba00000|  0%| F|  |TAMS 0x000000070b900000, 0x000000070b900000| Untracked 
| 138|0x000000070ba00000, 0x000000070ba00000, 0x000000070bb00000|  0%| F|  |TAMS 0x000000070ba00000, 0x000000070ba00000| Untracked 
| 139|0x000000070bb00000, 0x000000070bb00000, 0x000000070bc00000|  0%| F|  |TAMS 0x000000070bb00000, 0x000000070bb00000| Untracked 
| 140|0x000000070bc00000, 0x000000070bc00000, 0x000000070bd00000|  0%| F|  |TAMS 0x000000070bc00000, 0x000000070bc00000| Untracked 
| 141|0x000000070bd00000, 0x000000070bd00000, 0x000000070be00000|  0%| F|  |TAMS 0x000000070bd00000, 0x000000070bd00000| Untracked 
| 142|0x000000070be00000, 0x000000070be00000, 0x000000070bf00000|  0%| F|  |TAMS 0x000000070be00000, 0x000000070be00000| Untracked 
| 143|0x000000070bf00000, 0x000000070bf00000, 0x000000070c000000|  0%| F|  |TAMS 0x000000070bf00000, 0x000000070bf00000| Untracked 
| 144|0x000000070c000000, 0x000000070c000000, 0x000000070c100000|  0%| F|  |TAMS 0x000000070c000000, 0x000000070c000000| Untracked 
| 145|0x000000070c100000, 0x000000070c100000, 0x000000070c200000|  0%| F|  |TAMS 0x000000070c100000, 0x000000070c100000| Untracked 
| 146|0x000000070c200000, 0x000000070c200000, 0x000000070c300000|  0%| F|  |TAMS 0x000000070c200000, 0x000000070c200000| Untracked 
| 147|0x000000070c300000, 0x000000070c300000, 0x000000070c400000|  0%| F|  |TAMS 0x000000070c300000, 0x000000070c300000| Untracked 
| 148|0x000000070c400000, 0x000000070c400000, 0x000000070c500000|  0%| F|  |TAMS 0x000000070c400000, 0x000000070c400000| Untracked 
| 149|0x000000070c500000, 0x000000070c500000, 0x000000070c600000|  0%| F|  |TAMS 0x000000070c500000, 0x000000070c500000| Untracked 
| 150|0x000000070c600000, 0x000000070c600000, 0x000000070c700000|  0%| F|  |TAMS 0x000000070c600000, 0x000000070c600000| Untracked 
| 151|0x000000070c700000, 0x000000070c700000, 0x000000070c800000|  0%| F|  |TAMS 0x000000070c700000, 0x000000070c700000| Untracked 
| 152|0x000000070c800000, 0x000000070c800000, 0x000000070c900000|  0%| F|  |TAMS 0x000000070c800000, 0x000000070c800000| Untracked 
| 153|0x000000070c900000, 0x000000070c900000, 0x000000070ca00000|  0%| F|  |TAMS 0x000000070c900000, 0x000000070c900000| Untracked 
| 154|0x000000070ca00000, 0x000000070ca00000, 0x000000070cb00000|  0%| F|  |TAMS 0x000000070ca00000, 0x000000070ca00000| Untracked 
| 155|0x000000070cb00000, 0x000000070cb00000, 0x000000070cc00000|  0%| F|  |TAMS 0x000000070cb00000, 0x000000070cb00000| Untracked 
| 156|0x000000070cc00000, 0x000000070cc00000, 0x000000070cd00000|  0%| F|  |TAMS 0x000000070cc00000, 0x000000070cc00000| Untracked 
| 157|0x000000070cd00000, 0x000000070cd00000, 0x000000070ce00000|  0%| F|  |TAMS 0x000000070cd00000, 0x000000070cd00000| Untracked 
| 158|0x000000070ce00000, 0x000000070ce00000, 0x000000070cf00000|  0%| F|  |TAMS 0x000000070ce00000, 0x000000070ce00000| Untracked 
| 159|0x000000070cf00000, 0x000000070cf00000, 0x000000070d000000|  0%| F|  |TAMS 0x000000070cf00000, 0x000000070cf00000| Untracked 
| 160|0x000000070d000000, 0x000000070d000000, 0x000000070d100000|  0%| F|  |TAMS 0x000000070d000000, 0x000000070d000000| Untracked 
| 161|0x000000070d100000, 0x000000070d100000, 0x000000070d200000|  0%| F|  |TAMS 0x000000070d100000, 0x000000070d100000| Untracked 
| 162|0x000000070d200000, 0x000000070d200000, 0x000000070d300000|  0%| F|  |TAMS 0x000000070d200000, 0x000000070d200000| Untracked 
| 163|0x000000070d300000, 0x000000070d300000, 0x000000070d400000|  0%| F|  |TAMS 0x000000070d300000, 0x000000070d300000| Untracked 
| 164|0x000000070d400000, 0x000000070d400000, 0x000000070d500000|  0%| F|  |TAMS 0x000000070d400000, 0x000000070d400000| Untracked 
| 165|0x000000070d500000, 0x000000070d500000, 0x000000070d600000|  0%| F|  |TAMS 0x000000070d500000, 0x000000070d500000| Untracked 
| 166|0x000000070d600000, 0x000000070d600000, 0x000000070d700000|  0%| F|  |TAMS 0x000000070d600000, 0x000000070d600000| Untracked 
| 167|0x000000070d700000, 0x000000070d700000, 0x000000070d800000|  0%| F|  |TAMS 0x000000070d700000, 0x000000070d700000| Untracked 
| 168|0x000000070d800000, 0x000000070d800000, 0x000000070d900000|  0%| F|  |TAMS 0x000000070d800000, 0x000000070d800000| Untracked 
| 169|0x000000070d900000, 0x000000070d900000, 0x000000070da00000|  0%| F|  |TAMS 0x000000070d900000, 0x000000070d900000| Untracked 
| 170|0x000000070da00000, 0x000000070da00000, 0x000000070db00000|  0%| F|  |TAMS 0x000000070da00000, 0x000000070da00000| Untracked 
| 171|0x000000070db00000, 0x000000070db00000, 0x000000070dc00000|  0%| F|  |TAMS 0x000000070db00000, 0x000000070db00000| Untracked 
| 172|0x000000070dc00000, 0x000000070dc00000, 0x000000070dd00000|  0%| F|  |TAMS 0x000000070dc00000, 0x000000070dc00000| Untracked 
| 173|0x000000070dd00000, 0x000000070dd00000, 0x000000070de00000|  0%| F|  |TAMS 0x000000070dd00000, 0x000000070dd00000| Untracked 
| 174|0x000000070de00000, 0x000000070de00000, 0x000000070df00000|  0%| F|  |TAMS 0x000000070de00000, 0x000000070de00000| Untracked 
| 175|0x000000070df00000, 0x000000070df00000, 0x000000070e000000|  0%| F|  |TAMS 0x000000070df00000, 0x000000070df00000| Untracked 
| 176|0x000000070e000000, 0x000000070e000000, 0x000000070e100000|  0%| F|  |TAMS 0x000000070e000000, 0x000000070e000000| Untracked 
| 177|0x000000070e100000, 0x000000070e100000, 0x000000070e200000|  0%| F|  |TAMS 0x000000070e100000, 0x000000070e100000| Untracked 
| 178|0x000000070e200000, 0x000000070e200000, 0x000000070e300000|  0%| F|  |TAMS 0x000000070e200000, 0x000000070e200000| Untracked 
| 179|0x000000070e300000, 0x000000070e300000, 0x000000070e400000|  0%| F|  |TAMS 0x000000070e300000, 0x000000070e300000| Untracked 
| 180|0x000000070e400000, 0x000000070e400000, 0x000000070e500000|  0%| F|  |TAMS 0x000000070e400000, 0x000000070e400000| Untracked 
| 181|0x000000070e500000, 0x000000070e500000, 0x000000070e600000|  0%| F|  |TAMS 0x000000070e500000, 0x000000070e500000| Untracked 
| 182|0x000000070e600000, 0x000000070e600000, 0x000000070e700000|  0%| F|  |TAMS 0x000000070e600000, 0x000000070e600000| Untracked 
| 183|0x000000070e700000, 0x000000070e700000, 0x000000070e800000|  0%| F|  |TAMS 0x000000070e700000, 0x000000070e700000| Untracked 
| 184|0x000000070e800000, 0x000000070e800000, 0x000000070e900000|  0%| F|  |TAMS 0x000000070e800000, 0x000000070e800000| Untracked 
| 185|0x000000070e900000, 0x000000070e900000, 0x000000070ea00000|  0%| F|  |TAMS 0x000000070e900000, 0x000000070e900000| Untracked 
| 186|0x000000070ea00000, 0x000000070ea00000, 0x000000070eb00000|  0%| F|  |TAMS 0x000000070ea00000, 0x000000070ea00000| Untracked 
| 187|0x000000070eb00000, 0x000000070eb00000, 0x000000070ec00000|  0%| F|  |TAMS 0x000000070eb00000, 0x000000070eb00000| Untracked 
| 188|0x000000070ec00000, 0x000000070ec00000, 0x000000070ed00000|  0%| F|  |TAMS 0x000000070ec00000, 0x000000070ec00000| Untracked 
| 189|0x000000070ed00000, 0x000000070ed00000, 0x000000070ee00000|  0%| F|  |TAMS 0x000000070ed00000, 0x000000070ed00000| Untracked 
| 190|0x000000070ee00000, 0x000000070ee00000, 0x000000070ef00000|  0%| F|  |TAMS 0x000000070ee00000, 0x000000070ee00000| Untracked 
| 191|0x000000070ef00000, 0x000000070ef00000, 0x000000070f000000|  0%| F|  |TAMS 0x000000070ef00000, 0x000000070ef00000| Untracked 
| 192|0x000000070f000000, 0x000000070f000000, 0x000000070f100000|  0%| F|  |TAMS 0x000000070f000000, 0x000000070f000000| Untracked 
| 193|0x000000070f100000, 0x000000070f100000, 0x000000070f200000|  0%| F|  |TAMS 0x000000070f100000, 0x000000070f100000| Untracked 
| 194|0x000000070f200000, 0x000000070f200000, 0x000000070f300000|  0%| F|  |TAMS 0x000000070f200000, 0x000000070f200000| Untracked 
| 195|0x000000070f300000, 0x000000070f300000, 0x000000070f400000|  0%| F|  |TAMS 0x000000070f300000, 0x000000070f300000| Untracked 
| 196|0x000000070f400000, 0x000000070f400000, 0x000000070f500000|  0%| F|  |TAMS 0x000000070f400000, 0x000000070f400000| Untracked 
| 197|0x000000070f500000, 0x000000070f500000, 0x000000070f600000|  0%| F|  |TAMS 0x000000070f500000, 0x000000070f500000| Untracked 
| 198|0x000000070f600000, 0x000000070f600000, 0x000000070f700000|  0%| F|  |TAMS 0x000000070f600000, 0x000000070f600000| Untracked 
| 199|0x000000070f700000, 0x000000070f700000, 0x000000070f800000|  0%| F|  |TAMS 0x000000070f700000, 0x000000070f700000| Untracked 
| 200|0x000000070f800000, 0x000000070f800000, 0x000000070f900000|  0%| F|  |TAMS 0x000000070f800000, 0x000000070f800000| Untracked 
| 201|0x000000070f900000, 0x000000070f900000, 0x000000070fa00000|  0%| F|  |TAMS 0x000000070f900000, 0x000000070f900000| Untracked 
| 202|0x000000070fa00000, 0x000000070fa00000, 0x000000070fb00000|  0%| F|  |TAMS 0x000000070fa00000, 0x000000070fa00000| Untracked 
| 203|0x000000070fb00000, 0x000000070fb00000, 0x000000070fc00000|  0%| F|  |TAMS 0x000000070fb00000, 0x000000070fb00000| Untracked 
| 204|0x000000070fc00000, 0x000000070fc00000, 0x000000070fd00000|  0%| F|  |TAMS 0x000000070fc00000, 0x000000070fc00000| Untracked 
| 205|0x000000070fd00000, 0x000000070fd00000, 0x000000070fe00000|  0%| F|  |TAMS 0x000000070fd00000, 0x000000070fd00000| Untracked 
| 206|0x000000070fe00000, 0x000000070fe00000, 0x000000070ff00000|  0%| F|  |TAMS 0x000000070fe00000, 0x000000070fe00000| Untracked 
| 207|0x000000070ff00000, 0x000000070ff00000, 0x0000000710000000|  0%| F|  |TAMS 0x000000070ff00000, 0x000000070ff00000| Untracked 
| 208|0x0000000710000000, 0x0000000710000000, 0x0000000710100000|  0%| F|  |TAMS 0x0000000710000000, 0x0000000710000000| Untracked 
| 209|0x0000000710100000, 0x0000000710100000, 0x0000000710200000|  0%| F|  |TAMS 0x0000000710100000, 0x0000000710100000| Untracked 
| 210|0x0000000710200000, 0x0000000710200000, 0x0000000710300000|  0%| F|  |TAMS 0x0000000710200000, 0x0000000710200000| Untracked 
| 211|0x0000000710300000, 0x0000000710300000, 0x0000000710400000|  0%| F|  |TAMS 0x0000000710300000, 0x0000000710300000| Untracked 
| 212|0x0000000710400000, 0x0000000710400000, 0x0000000710500000|  0%| F|  |TAMS 0x0000000710400000, 0x0000000710400000| Untracked 
| 213|0x0000000710500000, 0x0000000710500000, 0x0000000710600000|  0%| F|  |TAMS 0x0000000710500000, 0x0000000710500000| Untracked 
| 214|0x0000000710600000, 0x0000000710600000, 0x0000000710700000|  0%| F|  |TAMS 0x0000000710600000, 0x0000000710600000| Untracked 
| 215|0x0000000710700000, 0x0000000710700000, 0x0000000710800000|  0%| F|  |TAMS 0x0000000710700000, 0x0000000710700000| Untracked 
| 216|0x0000000710800000, 0x0000000710800000, 0x0000000710900000|  0%| F|  |TAMS 0x0000000710800000, 0x0000000710800000| Untracked 
| 217|0x0000000710900000, 0x0000000710900000, 0x0000000710a00000|  0%| F|  |TAMS 0x0000000710900000, 0x0000000710900000| Untracked 
| 218|0x0000000710a00000, 0x0000000710a00000, 0x0000000710b00000|  0%| F|  |TAMS 0x0000000710a00000, 0x0000000710a00000| Untracked 
| 219|0x0000000710b00000, 0x0000000710b00000, 0x0000000710c00000|  0%| F|  |TAMS 0x0000000710b00000, 0x0000000710b00000| Untracked 
| 220|0x0000000710c00000, 0x0000000710c00000, 0x0000000710d00000|  0%| F|  |TAMS 0x0000000710c00000, 0x0000000710c00000| Untracked 
| 221|0x0000000710d00000, 0x0000000710d00000, 0x0000000710e00000|  0%| F|  |TAMS 0x0000000710d00000, 0x0000000710d00000| Untracked 
| 222|0x0000000710e00000, 0x0000000710e00000, 0x0000000710f00000|  0%| F|  |TAMS 0x0000000710e00000, 0x0000000710e00000| Untracked 
| 223|0x0000000710f00000, 0x0000000710f00000, 0x0000000711000000|  0%| F|  |TAMS 0x0000000710f00000, 0x0000000710f00000| Untracked 
| 224|0x0000000711000000, 0x0000000711000000, 0x0000000711100000|  0%| F|  |TAMS 0x0000000711000000, 0x0000000711000000| Untracked 
| 225|0x0000000711100000, 0x0000000711100000, 0x0000000711200000|  0%| F|  |TAMS 0x0000000711100000, 0x0000000711100000| Untracked 
| 226|0x0000000711200000, 0x0000000711200000, 0x0000000711300000|  0%| F|  |TAMS 0x0000000711200000, 0x0000000711200000| Untracked 
| 227|0x0000000711300000, 0x0000000711400000, 0x0000000711400000|100%| S|CS|TAMS 0x0000000711300000, 0x0000000711300000| Complete 
| 228|0x0000000711400000, 0x0000000711500000, 0x0000000711500000|100%| S|CS|TAMS 0x0000000711400000, 0x0000000711400000| Complete 
| 229|0x0000000711500000, 0x0000000711600000, 0x0000000711600000|100%| S|CS|TAMS 0x0000000711500000, 0x0000000711500000| Complete 
| 230|0x0000000711600000, 0x0000000711600000, 0x0000000711700000|  0%| F|  |TAMS 0x0000000711600000, 0x0000000711600000| Untracked 
| 231|0x0000000711700000, 0x0000000711700000, 0x0000000711800000|  0%| F|  |TAMS 0x0000000711700000, 0x0000000711700000| Untracked 
| 232|0x0000000711800000, 0x0000000711800000, 0x0000000711900000|  0%| F|  |TAMS 0x0000000711800000, 0x0000000711800000| Untracked 
| 233|0x0000000711900000, 0x0000000711900000, 0x0000000711a00000|  0%| F|  |TAMS 0x0000000711900000, 0x0000000711900000| Untracked 
| 234|0x0000000711a00000, 0x0000000711a00000, 0x0000000711b00000|  0%| F|  |TAMS 0x0000000711a00000, 0x0000000711a00000| Untracked 
| 235|0x0000000711b00000, 0x0000000711b00000, 0x0000000711c00000|  0%| F|  |TAMS 0x0000000711b00000, 0x0000000711b00000| Untracked 
| 236|0x0000000711c00000, 0x0000000711c00000, 0x0000000711d00000|  0%| F|  |TAMS 0x0000000711c00000, 0x0000000711c00000| Untracked 
| 237|0x0000000711d00000, 0x0000000711d00000, 0x0000000711e00000|  0%| F|  |TAMS 0x0000000711d00000, 0x0000000711d00000| Untracked 
| 238|0x0000000711e00000, 0x0000000711e00000, 0x0000000711f00000|  0%| F|  |TAMS 0x0000000711e00000, 0x0000000711e00000| Untracked 
| 239|0x0000000711f00000, 0x0000000711f00000, 0x0000000712000000|  0%| F|  |TAMS 0x0000000711f00000, 0x0000000711f00000| Untracked 
| 240|0x0000000712000000, 0x0000000712000000, 0x0000000712100000|  0%| F|  |TAMS 0x0000000712000000, 0x0000000712000000| Untracked 
| 241|0x0000000712100000, 0x0000000712100000, 0x0000000712200000|  0%| F|  |TAMS 0x0000000712100000, 0x0000000712100000| Untracked 
| 242|0x0000000712200000, 0x0000000712200000, 0x0000000712300000|  0%| F|  |TAMS 0x0000000712200000, 0x0000000712200000| Untracked 
| 243|0x0000000712300000, 0x0000000712300000, 0x0000000712400000|  0%| F|  |TAMS 0x0000000712300000, 0x0000000712300000| Untracked 
| 244|0x0000000712400000, 0x0000000712400000, 0x0000000712500000|  0%| F|  |TAMS 0x0000000712400000, 0x0000000712400000| Untracked 
| 245|0x0000000712500000, 0x0000000712500000, 0x0000000712600000|  0%| F|  |TAMS 0x0000000712500000, 0x0000000712500000| Untracked 
| 246|0x0000000712600000, 0x0000000712600000, 0x0000000712700000|  0%| F|  |TAMS 0x0000000712600000, 0x0000000712600000| Untracked 
| 247|0x0000000712700000, 0x0000000712700000, 0x0000000712800000|  0%| F|  |TAMS 0x0000000712700000, 0x0000000712700000| Untracked 
| 248|0x0000000712800000, 0x0000000712800000, 0x0000000712900000|  0%| F|  |TAMS 0x0000000712800000, 0x0000000712800000| Untracked 
| 249|0x0000000712900000, 0x0000000712a00000, 0x0000000712a00000|100%| E|  |TAMS 0x0000000712900000, 0x0000000712900000| Complete 
| 250|0x0000000712a00000, 0x0000000712b00000, 0x0000000712b00000|100%| E|CS|TAMS 0x0000000712a00000, 0x0000000712a00000| Complete 
| 251|0x0000000712b00000, 0x0000000712c00000, 0x0000000712c00000|100%| E|CS|TAMS 0x0000000712b00000, 0x0000000712b00000| Complete 
| 252|0x0000000712c00000, 0x0000000712d00000, 0x0000000712d00000|100%| E|CS|TAMS 0x0000000712c00000, 0x0000000712c00000| Complete 
| 253|0x0000000712d00000, 0x0000000712e00000, 0x0000000712e00000|100%| E|CS|TAMS 0x0000000712d00000, 0x0000000712d00000| Complete 

Card table byte_map: [0x0000021221ab0000,0x00000212222a0000] _byte_map_base: 0x000002121e298000

Marking Bits (Prev, Next): (CMBitMap*) 0x00000212099e21d8, (CMBitMap*) 0x00000212099e2218
 Prev Bits: [0x0000021222a90000, 0x00000212269d0000)
 Next Bits: [0x00000212269d0000, 0x000002122a910000)

Polling page: 0x0000021207890000

Metaspace:

Usage:
  Non-class:      9.12 MB capacity,     7.22 MB ( 79%) used,     1.89 MB ( 21%) free+waste,    12.00 KB ( <1%) overhead. 
      Class:    746.00 KB capacity,   494.63 KB ( 66%) used,   246.49 KB ( 33%) free+waste,     4.88 KB ( <1%) overhead. 
       Both:      9.84 MB capacity,     7.70 MB ( 78%) used,     2.13 MB ( 22%) free+waste,    16.88 KB ( <1%) overhead. 

Virtual space:
  Non-class space:       10.00 MB reserved,       9.25 MB ( 93%) committed 
      Class space:        1.00 GB reserved,     768.00 KB ( <1%) committed 
             Both:        1.01 GB reserved,      10.00 MB ( <1%) committed 

Chunk freelists:
   Non-Class:  9.25 KB
       Class:  2.75 KB
        Both:  12.00 KB

CodeHeap 'non-profiled nmethods': size=120000Kb used=420Kb max_used=420Kb free=119579Kb
 bounds [0x0000021219830000, 0x0000021219aa0000, 0x0000021220d60000]
CodeHeap 'profiled nmethods': size=120000Kb used=2191Kb max_used=2191Kb free=117808Kb
 bounds [0x0000021212300000, 0x0000021212570000, 0x0000021219830000]
CodeHeap 'non-nmethods': size=5760Kb used=1497Kb max_used=1517Kb free=4262Kb
 bounds [0x0000021211d60000, 0x0000021211fd0000, 0x0000021212300000]
 total_blobs=2378 nmethods=1089 adapters=924
 compilation: enabled
              stopped_count=0, restarted_count=0
 full_count=0

Compilation events (10 events):
Event: 4.580 Thread 0x000002122df70000 1085       3       org.lwjgl.system.MemoryUtil::memAddress (13 bytes)
Event: 4.581 Thread 0x000002122df70000 nmethod 1085 0x000002121251b210 code [0x000002121251b3e0, 0x000002121251b698]
Event: 4.597 Thread 0x000002122df70000 1086       3       com.badlogic.gdx.utils.BufferUtils::copy (45 bytes)
Event: 4.598 Thread 0x000002122df70000 nmethod 1086 0x000002121251b810 code [0x000002121251ba20, 0x000002121251c100]
Event: 4.598 Thread 0x000002122df70000 1087       3       com.badlogic.gdx.graphics.Mesh::render (341 bytes)
Event: 4.604 Thread 0x000002122df70000 nmethod 1087 0x000002121251c290 code [0x000002121251c780, 0x000002121251ed00]
Event: 4.947 Thread 0x000002122df70000 1088       3       com.badlogic.gdx.graphics.glutils.VertexArray::bind (347 bytes)
Event: 4.952 Thread 0x000002122df70000 nmethod 1088 0x000002121251fa90 code [0x000002121251fec0, 0x0000021212521d40]
Event: 4.952 Thread 0x000002122df70000 1089       3       com.badlogic.gdx.graphics.glutils.VertexArray::unbind (84 bytes)
Event: 4.954 Thread 0x000002122df70000 nmethod 1089 0x0000021212522b10 code [0x0000021212522da0, 0x00000212125238d0]

GC Heap History (2 events):
Event: 1.433 GC heap before
{Heap before GC invocations=0 (full 0):
 garbage-first heap   total 260096K, used 23552K [0x0000000703000000, 0x0000000800000000)
  region size 1024K, 24 young (24576K), 0 survivors (0K)
 Metaspace       used 6547K, capacity 8765K, committed 8960K, reserved 1056768K
  class space    used 404K, capacity 649K, committed 768K, reserved 1048576K
}
Event: 1.439 GC heap after
{Heap after GC invocations=1 (full 0):
 garbage-first heap   total 260096K, used 5117K [0x0000000703000000, 0x0000000800000000)
  region size 1024K, 3 young (3072K), 3 survivors (3072K)
 Metaspace       used 6547K, capacity 8765K, committed 8960K, reserved 1056768K
  class space    used 404K, capacity 649K, committed 768K, reserved 1048576K
}

Deoptimization events (10 events):
Event: 0.378 Thread 0x000002120997a800 Uncommon trap: reason=unstable_if action=reinterpret pc=0x0000021219848d64 method=java.util.HashMap.putVal(ILjava/lang/Object;Ljava/lang/Object;ZZ)Ljava/lang/Object; @ 181 c2
Event: 0.392 Thread 0x000002120997a800 Uncommon trap: reason=unstable_if action=reinterpret pc=0x00000212198315a4 method=java.lang.String.isLatin1()Z @ 10 c2
Event: 0.438 Thread 0x000002120997a800 Uncommon trap: reason=unstable_if action=reinterpret pc=0x0000021219842490 method=java.io.WinNTFileSystem.isSlash(C)Z @ 9 c2
Event: 0.478 Thread 0x000002120997a800 Uncommon trap: reason=bimorphic_or_optimized_type_check action=maybe_recompile pc=0x000002121983bb44 method=java.util.AbstractCollection.isEmpty()Z @ 1 c2
Event: 0.479 Thread 0x000002120997a800 Uncommon trap: reason=bimorphic_or_optimized_type_check action=maybe_recompile pc=0x000002121983bb44 method=java.util.AbstractCollection.isEmpty()Z @ 1 c2
Event: 0.479 Thread 0x000002120997a800 Uncommon trap: reason=bimorphic_or_optimized_type_check action=maybe_recompile pc=0x000002121983bb44 method=java.util.AbstractCollection.isEmpty()Z @ 1 c2
Event: 0.502 Thread 0x000002120997a800 Uncommon trap: reason=unstable_if action=reinterpret pc=0x00000212198478dc method=sun.nio.fs.WindowsPathParser.isSlash(C)Z @ 9 c2
Event: 0.643 Thread 0x000002120997a800 Uncommon trap: reason=unstable_if action=reinterpret pc=0x0000021219860eec method=java.lang.String.startsWith(Ljava/lang/String;I)Z @ 14 c2
Event: 0.759 Thread 0x000002120997a800 Uncommon trap: reason=class_check action=maybe_recompile pc=0x0000021219861b38 method=java.util.HashMap.getNode(ILjava/lang/Object;)Ljava/util/HashMap$Node; @ 126 c2
Event: 0.987 Thread 0x000002122df61800 Uncommon trap: reason=unstable_if action=reinterpret pc=0x000002121986e734 method=java.lang.Integer.getChars(II[B)I @ 25 c2

Classes redefined (0 events):
No events

Internal exceptions (5 events):
Event: 0.484 Thread 0x000002120997a800 Exception <a 'java/lang/NoSuchMethodError'{0x0000000712566060}: java.lang.invoke.DelegatingMethodHandle$Holder.delegate(Ljava/lang/Object;Ljava/lang/Object;ILjava/lang/Object;)V> (0x0000000712566060) thrown at [t:/workspace/open/src/hotspot/share/interpre
Event: 0.486 Thread 0x000002120997a800 Exception <a 'java/lang/NoSuchMethodError'{0x000000071256cb80}: java.lang.invoke.DirectMethodHandle$Holder.invokeStaticInit(Ljava/lang/Object;Ljava/lang/Object;Ljava/lang/Object;)Ljava/lang/Object;> (0x000000071256cb80) thrown at [t:/workspace/open/src/ho
Event: 0.842 Thread 0x000002120997a800 Exception <a 'java/lang/NoSuchMethodError'{0x0000000712030910}: java.lang.invoke.DirectMethodHandle$Holder.invokeSpecialIFC(Ljava/lang/Object;Ljava/lang/Object;I)I> (0x0000000712030910) thrown at [t:/workspace/open/src/hotspot/share/interpreter/linkResolv
Event: 1.229 Thread 0x000002120997a800 Exception <a 'sun/nio/fs/WindowsException'{0x0000000711d8aa08}> (0x0000000711d8aa08) thrown at [t:/workspace/open/src/hotspot/share/prims/jni.cpp, line 615]
Event: 1.230 Thread 0x000002120997a800 Exception <a 'sun/nio/fs/WindowsException'{0x0000000711d8aed8}> (0x0000000711d8aed8) thrown at [t:/workspace/open/src/hotspot/share/prims/jni.cpp, line 615]

Events (10 events):
Event: 1.744 loading class com/badlogic/gdx/utils/reflect/Constructor done
Event: 1.746 loading class com/badlogic/gdx/graphics/g2d/GlyphLayout$GlyphRun
Event: 1.746 loading class com/badlogic/gdx/graphics/g2d/GlyphLayout$GlyphRun done
Event: 1.748 loading class com/badlogic/gdx/utils/FloatArray
Event: 1.748 loading class com/badlogic/gdx/utils/FloatArray done
Event: 1.769 loading class com/badlogic/gdx/backends/lwjgl3/Lwjgl3Window$6$1
Event: 1.769 loading class com/badlogic/gdx/backends/lwjgl3/Lwjgl3Window$6$1 done
Event: 1.948 Thread 0x000002122fc03800 Thread exited: 0x000002122fc03800
Event: 2.431 loading class com/badlogic/gdx/utils/TimeUtils
Event: 2.431 loading class com/badlogic/gdx/utils/TimeUtils done


Dynamic libraries:
0x00007ff7cdb80000 - 0x00007ff7cdb8d000 	C:\Program Files\Java\jdk-12.0.2\bin\java.exe
0x00007ffd34ec0000 - 0x00007ffd350b0000 	C:\WINDOWS\SYSTEM32\ntdll.dll
0x00007ffd33360000 - 0x00007ffd33412000 	C:\WINDOWS\System32\KERNEL32.DLL
0x00007ffd32c60000 - 0x00007ffd32f03000 	C:\WINDOWS\System32\KERNELBASE.dll
0x00007ffd326f0000 - 0x00007ffd327ea000 	C:\WINDOWS\System32\ucrtbase.dll
0x00007ffd1b000000 - 0x00007ffd1b017000 	C:\Program Files\Java\jdk-12.0.2\bin\jli.dll
0x00007ffd198b0000 - 0x00007ffd198c6000 	C:\Program Files\Java\jdk-12.0.2\bin\VCRUNTIME140.dll
0x00007ffd34700000 - 0x00007ffd34894000 	C:\WINDOWS\System32\USER32.dll
0x00007ffd22ea0000 - 0x00007ffd23125000 	C:\WINDOWS\WinSxS\amd64_microsoft.windows.common-controls_6595b64144ccf1df_6.0.18362.535_none_e6c3b34713100821\COMCTL32.dll
0x00007ffd31e50000 - 0x00007ffd31e71000 	C:\WINDOWS\System32\win32u.dll
0x00007ffd34950000 - 0x00007ffd349ee000 	C:\WINDOWS\System32\msvcrt.dll
0x00007ffd34040000 - 0x00007ffd34066000 	C:\WINDOWS\System32\GDI32.dll
0x00007ffd33450000 - 0x00007ffd33786000 	C:\WINDOWS\System32\combase.dll
0x00007ffd32ac0000 - 0x00007ffd32c54000 	C:\WINDOWS\System32\gdi32full.dll
0x00007ffd34cb0000 - 0x00007ffd34dd0000 	C:\WINDOWS\System32\RPCRT4.dll
0x00007ffd329f0000 - 0x00007ffd32a8e000 	C:\WINDOWS\System32\msvcp_win.dll
0x00007ffd32600000 - 0x00007ffd32680000 	C:\WINDOWS\System32\bcryptPrimitives.dll
0x00007ffd33420000 - 0x00007ffd3344e000 	C:\WINDOWS\System32\IMM32.DLL
0x00007ffcfdfe0000 - 0x00007ffcfe08a000 	C:\Program Files\Java\jdk-12.0.2\bin\msvcp140.dll
0x00007ffcc55b0000 - 0x00007ffcc6126000 	C:\Program Files\Java\jdk-12.0.2\bin\server\jvm.dll
0x00007ffd32f70000 - 0x00007ffd33013000 	C:\WINDOWS\System32\ADVAPI32.dll
0x00007ffd34ba0000 - 0x00007ffd34c37000 	C:\WINDOWS\System32\sechost.dll
0x00007ffd340d0000 - 0x00007ffd340d8000 	C:\WINDOWS\System32\PSAPI.DLL
0x00007ffd13050000 - 0x00007ffd13059000 	C:\WINDOWS\SYSTEM32\WSOCK32.dll
0x00007ffd2e1d0000 - 0x00007ffd2e1f4000 	C:\WINDOWS\SYSTEM32\WINMM.dll
0x00007ffd30ea0000 - 0x00007ffd30eaa000 	C:\WINDOWS\SYSTEM32\VERSION.dll
0x00007ffd34c40000 - 0x00007ffd34caf000 	C:\WINDOWS\System32\WS2_32.dll
0x00007ffd2e1a0000 - 0x00007ffd2e1cd000 	C:\WINDOWS\SYSTEM32\WINMMBASE.dll
0x00007ffd326a0000 - 0x00007ffd326ea000 	C:\WINDOWS\System32\cfgmgr32.dll
0x00007ffd31da0000 - 0x00007ffd31db1000 	C:\WINDOWS\System32\kernel.appcore.dll
0x00007ffd19890000 - 0x00007ffd198a1000 	C:\Program Files\Java\jdk-12.0.2\bin\verify.dll
0x00007ffd2f940000 - 0x00007ffd2fb34000 	C:\WINDOWS\SYSTEM32\DBGHELP.DLL
0x00007ffd17b90000 - 0x00007ffd17bba000 	C:\WINDOWS\SYSTEM32\dbgcore.DLL
0x00007ffd0d5c0000 - 0x00007ffd0d5e6000 	C:\Program Files\Java\jdk-12.0.2\bin\java.dll
0x00007ffd1af40000 - 0x00007ffd1af4e000 	C:\Program Files\Java\jdk-12.0.2\bin\instrument.dll
0x00007ffd15ad0000 - 0x00007ffd15ae7000 	C:\Program Files\Java\jdk-12.0.2\bin\zip.dll
0x00007ffd2e060000 - 0x00007ffd2e06a000 	C:\Program Files\Java\jdk-12.0.2\bin\jimage.dll
0x00007ffd33810000 - 0x00007ffd33ef5000 	C:\WINDOWS\System32\SHELL32.dll
0x00007ffd34dd0000 - 0x00007ffd34e79000 	C:\WINDOWS\System32\shcore.dll
0x00007ffd31e80000 - 0x00007ffd325ff000 	C:\WINDOWS\System32\windows.storage.dll
0x00007ffd31e30000 - 0x00007ffd31e4f000 	C:\WINDOWS\System32\profapi.dll
0x00007ffd31de0000 - 0x00007ffd31e2a000 	C:\WINDOWS\System32\powrprof.dll
0x00007ffd31d90000 - 0x00007ffd31da0000 	C:\WINDOWS\System32\UMPDC.dll
0x00007ffd34070000 - 0x00007ffd340c2000 	C:\WINDOWS\System32\shlwapi.dll
0x00007ffd32680000 - 0x00007ffd32697000 	C:\WINDOWS\System32\cryptsp.dll
0x00007ffd092f0000 - 0x00007ffd09309000 	C:\Program Files\Java\jdk-12.0.2\bin\net.dll
0x00007ffd25ae0000 - 0x00007ffd25bd0000 	C:\WINDOWS\SYSTEM32\WINHTTP.dll
0x00007ffd24cb0000 - 0x00007ffd24e86000 	C:\WINDOWS\SYSTEM32\urlmon.dll
0x00007ffd23d00000 - 0x00007ffd23fa6000 	C:\WINDOWS\SYSTEM32\iertutil.dll
0x00007ffd317d0000 - 0x00007ffd317dc000 	C:\WINDOWS\SYSTEM32\CRYPTBASE.DLL
0x00007ffd31600000 - 0x00007ffd31667000 	C:\WINDOWS\system32\mswsock.dll
0x00007ffd07c80000 - 0x00007ffd07c93000 	C:\Program Files\Java\jdk-12.0.2\bin\nio.dll
0x00007ffd04350000 - 0x00007ffd0436a000 	C:\Program Files\JetBrains\IntelliJ IDEA 2019.1.1\bin\breakgen64.dll
0x0000000065ac0000 - 0x0000000065b0b000 	C:\Users\Ana\AppData\Local\Temp\libgdxAna\7d76f548\gdx64.dll
0x00007ffcf6c00000 - 0x00007ffcf6c63000 	C:\Users\Ana\AppData\Local\Temp\lwjglAna\3.2.1-build-12\lwjgl.dll
0x00007ffcd33c0000 - 0x00007ffcd3611000 	C:\Users\Ana\AppData\Local\Temp\lwjglAna\3.2.1-build-12\jemalloc.dll
0x00007ffd04250000 - 0x00007ffd042ae000 	C:\Users\Ana\AppData\Local\Temp\lwjglAna\3.2.1-build-12\glfw.dll
0x00007ffd2fc20000 - 0x00007ffd2fcb9000 	C:\WINDOWS\system32\uxtheme.dll
0x00007ffcfc700000 - 0x00007ffcfc743000 	C:\WINDOWS\SYSTEM32\dinput8.dll
0x00007ffd1aed0000 - 0x00007ffd1aee1000 	C:\WINDOWS\SYSTEM32\xinput1_4.dll
0x00007ffd31b90000 - 0x00007ffd31bba000 	C:\WINDOWS\SYSTEM32\DEVOBJ.dll
0x00007ffd30040000 - 0x00007ffd3006d000 	C:\WINDOWS\SYSTEM32\dwmapi.dll
0x00007ffd158a0000 - 0x00007ffd159ba000 	C:\WINDOWS\SYSTEM32\inputhost.dll
0x00007ffd2d1e0000 - 0x00007ffd2d333000 	C:\WINDOWS\SYSTEM32\wintypes.dll
0x00007ffd2f580000 - 0x00007ffd2f654000 	C:\WINDOWS\SYSTEM32\CoreMessaging.dll
0x00007ffd2ccb0000 - 0x00007ffd2cfda000 	C:\WINDOWS\SYSTEM32\CoreUIComponents.dll
0x00007ffd2db80000 - 0x00007ffd2dc6f000 	C:\WINDOWS\SYSTEM32\PROPSYS.dll
0x00007ffd33020000 - 0x00007ffd330e4000 	C:\WINDOWS\System32\OLEAUT32.dll
0x00007ffd30c20000 - 0x00007ffd30c51000 	C:\WINDOWS\SYSTEM32\ntmarta.dll
0x00007ffd33f00000 - 0x00007ffd34035000 	C:\WINDOWS\System32\MSCTF.dll
0x00007ffd14510000 - 0x00007ffd14724000 	C:\Program Files\NVIDIA Corporation\nview\nViewH64.dll
0x00007ffd33180000 - 0x00007ffd332d6000 	C:\WINDOWS\System32\ole32.dll
0x00007ffd048e0000 - 0x00007ffd049b9000 	c:\Program Files\HP\HP ProtectTools Security Manager\Bin\DpoFeedb.dll
0x00007ffd31c80000 - 0x00007ffd31ca5000 	C:\WINDOWS\SYSTEM32\USERENV.dll
0x00007ffd30550000 - 0x00007ffd3055e000 	C:\WINDOWS\SYSTEM32\HID.DLL
0x00007ffd34160000 - 0x00007ffd345d0000 	C:\WINDOWS\System32\SETUPAPI.DLL
0x00007ffd32a90000 - 0x00007ffd32ab6000 	C:\WINDOWS\System32\bcrypt.dll
0x00007ffd32f10000 - 0x00007ffd32f6c000 	C:\WINDOWS\System32\WINTRUST.dll
0x00007ffd31dc0000 - 0x00007ffd31dd2000 	C:\WINDOWS\System32\MSASN1.dll
0x00007ffd327f0000 - 0x00007ffd32939000 	C:\WINDOWS\System32\CRYPT32.dll
0x00007ffce1150000 - 0x00007ffce1264000 	C:\Users\Ana\AppData\Local\Temp\lwjglAna\3.2.1-build-12\OpenAL.dll
0x00007ffd348a0000 - 0x00007ffd34942000 	C:\WINDOWS\System32\clbcatq.dll
0x00007ffd25180000 - 0x00007ffd251f2000 	C:\WINDOWS\System32\MMDevApi.dll
0x00007ffd19960000 - 0x00007ffd19abd000 	C:\WINDOWS\SYSTEM32\AUDIOSES.DLL
0x00007ffd0d2a0000 - 0x00007ffd0d3f6000 	C:\WINDOWS\SYSTEM32\opengl32.dll
0x00007ffd0d270000 - 0x00007ffd0d29c000 	C:\WINDOWS\SYSTEM32\GLU32.dll
0x00007ffd30830000 - 0x00007ffd30850000 	C:\WINDOWS\SYSTEM32\dxcore.dll
0x00007ffcc4700000 - 0x00007ffcc55ab000 	C:\WINDOWS\System32\DriverStore\FileRepository\ki130871.inf_amd64_382f7c369d4bf777\ig9icd64.dll
0x00007ffd308c0000 - 0x00007ffd309ab000 	C:\WINDOWS\system32\dxgi.dll
0x00007ffce0270000 - 0x00007ffce0353000 	C:\WINDOWS\System32\DriverStore\FileRepository\ki130871.inf_amd64_382f7c369d4bf777\igdgmm64.dll
0x00007ffd260f0000 - 0x00007ffd2806c000 	C:\WINDOWS\System32\DriverStore\FileRepository\ki130871.inf_amd64_382f7c369d4bf777\igc64.dll
0x00007ffd2d6e0000 - 0x00007ffd2d78e000 	C:\WINDOWS\SYSTEM32\mscms.dll
0x00007ffd2d6c0000 - 0x00007ffd2d6d7000 	C:\WINDOWS\SYSTEM32\ColorAdapterClient.dll
0x00007ffd07070000 - 0x00007ffd070b3000 	C:\WINDOWS\SYSTEM32\icm32.dll
0x00007ffcf6b30000 - 0x00007ffcf6b88000 	C:\Users\Ana\AppData\Local\Temp\lwjglAna\3.2.1-build-12\lwjgl_opengl.dll
0x00007ffd1e340000 - 0x00007ffd1e3b9000 	C:\Windows\System32\OneCoreCommonProxyStub.dll
0x00007ffd2a190000 - 0x00007ffd2a230000 	C:\Windows\System32\ActXPrxy.dll
0x00007ffd2b490000 - 0x00007ffd2bbfd000 	C:\Windows\System32\OneCoreUAPCommonProxyStub.dll
0x00007ffd19ae0000 - 0x00007ffd19b7e000 	C:\WINDOWS\System32\TextInputFramework.dll

dbghelp: loaded successfully - version: 4.0.5 - missing functions: none
symbol engine: initialized successfully - sym options: 0x614 - pdb path: .;C:\Program Files\Java\jdk-12.0.2\bin;C:\WINDOWS\SYSTEM32;C:\WINDOWS\WinSxS\amd64_microsoft.windows.common-controls_6595b64144ccf1df_6.0.18362.535_none_e6c3b34713100821;C:\Program Files\Java\jdk-12.0.2\bin\server;C:\Program Files\JetBrains\IntelliJ IDEA 2019.1.1\bin;C:\Users\Ana\AppData\Local\Temp\libgdxAna\7d76f548;C:\Users\Ana\AppData\Local\Temp\lwjglAna\3.2.1-build-12;C:\Program Files\NVIDIA Corporation\nview;c:\Program Files\HP\HP ProtectTools Security Manager\Bin;C:\WINDOWS\System32\DriverStore\FileRepository\ki130871.inf_amd64_382f7c369d4bf777

VM Arguments:
jvm_args: -javaagent:C:\Program Files\JetBrains\IntelliJ IDEA 2019.1.1\lib\idea_rt.jar=59259:C:\Program Files\JetBrains\IntelliJ IDEA 2019.1.1\bin -Dfile.encoding=UTF-8 
java_command: Launcher
java_class_path (initial): C:\Users\Ana\Documents\bubble2\template\out\production\classes;C:\Users\Ana\.gradle\caches\modules-2\files-2.1\com.badlogicgames.gdx\gdx-box2d\1.9.10\d68a7a3484d47529a8d23cd467579eb098b38a9e\gdx-box2d-1.9.10.jar;C:\Users\Ana\.gradle\caches\modules-2\files-2.1\com.badlogicgames.gdx\gdx-backend-lwjgl3\1.9.10\e8709a484c2971463c4780476b46d2ef841dbe5e\gdx-backend-lwjgl3-1.9.10.jar;C:\Users\Ana\.gradle\caches\modules-2\files-2.1\com.badlogicgames.gdx\gdx-backend-headless\1.9.10\d357526e6bb3d36b01b4f833ab42588e5285d487\gdx-backend-headless-1.9.10.jar;C:\Users\Ana\.gradle\caches\modules-2\files-2.1\com.badlogicgames.gdx\gdx\1.9.10\79d9ad27bd5e3eb18c9ade61d3a27d7237695d53\gdx-1.9.10.jar;C:\Users\Ana\.gradle\caches\modules-2\files-2.1\com.badlogicgames.gdx\gdx-platform\1.9.10\1907b49f8363dd1ee37d273854a9cc3c741a6e66\gdx-platform-1.9.10-natives-desktop.jar;C:\Users\Ana\.gradle\caches\modules-2\files-2.1\com.badlogicgames.gdx\gdx-box2d-platform\1.9.10\91b19c283b24eec646a18e0e7b940c829920df4f\gdx-box2d-platform-1.9.10-natives-desktop.jar;C:\Users\Ana\.gradle\caches\modules-2\files-2.1\junit\junit\4.13-rc-2\20125d483fd31ebb78a72257fd4a51145af2c333\junit-4.13-rc-2.jar;C:\Users\Ana\.gradle\caches\modules-2\files-2.1\org.mockito\mockito-all\1.9.5\79a8984096fc6591c1e3690e07d41be506356fa5\mockito-all-1.9.5.jar;C:\Users\Ana\.gradle\caches\modules-2\files-2.1\org.assertj\assertj-core\3.12.2\3c9724faa6090ab78a61d4e54011df72de2361c4\assertj-core-3.12.2.jar;C:\Users\Ana\.gradle\caches\modules-2\files-2.1\org.springframework.boot\spring-boot-starter-web\2.2.1.RELEASE\689213aca6e25e2aa9b377e61273aa3d31f30f60\spring-boot-starter-web-2.2.1.RELEASE.jar;C:\Users\Ana\.gradle\caches\modules-2\files-2.1\org.springframework.boot\spring-boot-starter-json\2.2.1.RELEASE\2d9f5ad8a76edcf3c610e0f825d9c01563a6900a\spring-boot-starter-json-2.2.1.RELEASE.jar;C:\Users\Ana\.gradle\caches\modules-2\files-2.1\org.springframework.boot\spring-boot-starter-validation\2.2.1.RELEASE\ea5bd
Launcher Type: SUN_STANDARD

[Global flags]
     intx CICompilerCount                          = 4                                         {product} {ergonomic}
     uint ConcGCThreads                            = 3                                         {product} {ergonomic}
     uint G1ConcRefinementThreads                  = 10                                        {product} {ergonomic}
   size_t G1HeapRegionSize                         = 1048576                                   {product} {ergonomic}
    uintx GCDrainStackTargetSize                   = 64                                        {product} {ergonomic}
   size_t InitialHeapSize                          = 266338304                                 {product} {ergonomic}
   size_t MarkStackSize                            = 4194304                                   {product} {ergonomic}
   size_t MaxHeapSize                              = 4244635648                                {product} {ergonomic}
   size_t MaxNewSize                               = 2545942528                                {product} {ergonomic}
   size_t MinHeapDeltaBytes                        = 1048576                                   {product} {ergonomic}
    uintx NonNMethodCodeHeapSize                   = 5836300                                {pd product} {ergonomic}
    uintx NonProfiledCodeHeapSize                  = 122910970                              {pd product} {ergonomic}
    uintx ProfiledCodeHeapSize                     = 122910970                              {pd product} {ergonomic}
    uintx ReservedCodeCacheSize                    = 251658240                              {pd product} {ergonomic}
     bool SegmentedCodeCache                       = true                                      {product} {ergonomic}
     bool UseCompressedClassPointers               = true                                 {lp64_product} {ergonomic}
     bool UseCompressedOops                        = true                                 {lp64_product} {ergonomic}
     bool UseG1GC                                  = true                                      {product} {ergonomic}
     bool UseLargePagesIndividualAllocation        = false                                  {pd product} {ergonomic}

Logging:
Log output configuration:
 #0: stdout all=warning uptime,level,tags
 #1: stderr all=off uptime,level,tags

Environment Variables:
PATH=C:\Python27\;C:\Python27\Scripts;C:\Program Files (x86)\Common Files\Oracle\Java\javapath;C:\WINDOWS\system32;C:\WINDOWS;C:\WINDOWS\System32\Wbem;C:\WINDOWS\System32\WindowsPowerShell\v1.0\;C:\Program Files\nodejs\;C:\WINDOWS\System32\OpenSSH\;C:\Program Files\Git\cmd;C:\Program Files (x86)\Intel\Intel(R) Management Engine Components\DAL;C:\Program Files\Intel\Intel(R) Management Engine Components\DAL;C:\Program Files\Intel\WiFi\bin\;C:\Program Files\Common Files\Intel\WirelessCommon\;C:\Users\Ana\AppData\Local\Microsoft\WindowsApps;C:\Users\Ana\AppData\Local\Programs\Microsoft VS Code\bin;C:\Users\Ana\AppData\Roaming\npm;C:\Gradle\gradle-5.4.1\bin;
USERNAME=Ana
OS=Windows_NT
PROCESSOR_IDENTIFIER=Intel64 Family 6 Model 158 Stepping 10, GenuineIntel



---------------  S Y S T E M  ---------------

OS: Windows 10 , 64 bit Build 18362 (10.0.18362.329)

CPU:total 12 (initial active 12) (6 cores per cpu, 2 threads per core) family 6 model 158 stepping 10, cmov, cx8, fxsr, mmx, sse, sse2, sse3, ssse3, sse4.1, sse4.2, popcnt, avx, avx2, aes, clmul, erms, 3dnowpref, lzcnt, ht, tsc, tscinvbit, bmi1, bmi2, adx, fma

Memory: 4k page, system-wide physical 16190M (5400M free)
TotalPageFile size 23152M (AvailPageFile size 2964M)
current process WorkingSet (physical memory assigned to process): 154M, peak: 155M
current process commit charge ("private bytes"): 402M, peak: 404M

vm_info: OpenJDK 64-Bit Server VM (12.0.2+10) for windows-amd64 JRE (12.0.2+10), built on Jul 16 2019 01:56:05 by "mach5one" with MS VC++ 15.5 (VS2017)

END.
